2017-11-24 14:25:51        Request : MerchantId=124&SharedKey=123467&ClientId=557&ServicetypeId=2&ARMId=19&MerchantPaymentTypeId=1&Type=insert
2017-11-24 14:29:17        Request : MerchantId=125&SharedKey=123467&ClientId=554&ServicetypeId=2&ARMId=20&MerchantPaymentTypeId=1&Type=insert
2017-11-24 14:31:11        Request : 
2017-11-24 14:32:31        Request : MerchantId=127&SharedKey=12346&ClientId=556&ServicetypeId=2&ARMId=20&MerchantPaymentTypeId=1&Type=insert
2017-11-24 14:47:06        Request : MerchantId=128&SharedKey=123467&ClientId=555&ServicetypeId=2&ARMId=19&MerchantPaymentTypeId=1&Type=insert
2017-11-24 14:52:19        Request : MerchantId=129&SharedKey=12346&ClientId=555&ServicetypeId=4&ARMId=19&MerchantPaymentTypeId=1&Type=insert
2017-11-29 18:15:00        Request : MerchantId=130&SharedKey=54321&ClientId=555&ServicetypeId=2&ARMId=21&MerchantPaymentTypeId=1&Type=insert
2017-11-30 10:17:13        Request : MerchantId=131&SharedKey=123467&ClientId=555&ServicetypeId=2&ARMId=21&MerchantPaymentTypeId=1&Type=insert
2017-11-30 10:23:36        Request : MerchantId=132&SharedKey=qw&ClientId=550&ServicetypeId=1&ARMId=20&MerchantPaymentTypeId=1&Type=insert
2017-11-30 10:27:43        Request : MerchantId=133&SharedKey=170845&ClientId=556&ServicetypeId=1&ARMId=1&MerchantPaymentTypeId=1&Type=insert
2017-11-30 10:31:41        Request : MerchantId=134&SharedKey=170845&ClientId=554&ServicetypeId=1&ARMId=1&MerchantPaymentTypeId=1&Type=insert
2017-11-30 10:35:33        Request : MerchantId=135&SharedKey=170845&ClientId=555&ServicetypeId=1&ARMId=1&MerchantPaymentTypeId=1&Type=insert
2017-11-30 10:43:39        Request : MerchantId=136&SharedKey=54321&ClientId=555&ServicetypeId=2&ARMId=19&MerchantPaymentTypeId=1&Type=insert
2017-11-30 11:21:34        Request : MerchantId=136&SharedKey=54321&ClientId=555&ServicetypeId=2&ARMId=19&MerchantPaymentTypeId=1&Type=update
2017-11-24 14:36:14        Request : BillerId=419&RequestType=1&BillerStatusCode=8001&JatisStatusCode=3001&Type=insert
2017-11-24 14:39:58        Request : BillerId=420&RequestType=1&BillerStatusCode=8001&JatisStatusCode=3001&Type=insert
2017-11-24 14:39:57        Request : BillerId=421&RequestType=1&BillerStatusCode=8001&BillerStatusDesc=Success&JatisStatusCode=3001&JatisStatusdesc=Transaksi+Success&Type=insert
2017-11-24 14:47:41        Request : BillerId=421&RequestType=1&BillerStatusCode=8001&BillerStatusDesc=Success&JatisStatusCode=3001&JatisStatusdesc=Transaksi+Succes&Type=update
2017-11-24 17:06:10        Request : BillerId=421&RequestType=1&BillerStatusCode=8001&BillerStatusDesc=Success&JatisStatusCode=3001&JatisStatusdesc=Sukses&Type=update
2017-12-04 13:12:37        Request : MerchantId=136&SharedKey=54321&ClientId=555&ServicetypeId=2&ARMId=19&MerchantPaymentTypeId=1&Type=update
2017-12-04 13:13:15        Request : MerchantId=136&SharedKey=54321&ClientId=555&ServicetypeId=2&ARMId=19&MerchantPaymentTypeId=1&Type=update
2017-12-04 13:15:48        Request : MerchantId=136&SharedKey=54321&ClientId=555&ServicetypeId=2&ARMId=19&MerchantPaymentTypeId=1&Type=update
2017-12-04 13:35:02        Request : BillId=1&InquiryDetailResult=0&PurchaseDetailResult=0&PaymentDetailResult=0&MerchantId=136&JatisProductCode=PUAXP100&BillerProductCode=AXIS100&BillerId=8&AdminFee=50&AdminFeeUnit=RP&AddedPrice=100&AddedPriceUnit=RP&MerchantFee=0&JatisFee=0&BillerFee=0&MerchantFeeUnit=RP&JatisFeeUnit=RP&BillerFeeUnit=RP&Status=0&Type=insert
2017-12-04 13:39:37        Request : BillId=1&InquiryDetailResult=0&PurchaseDetailResult=0&PaymentDetailResult=0&MerchantId=136&JatisProductCode=PUAXP100&BillerProductCode=MAXIS100&BillerId=8&AdminFee=50.00&AdminFeeUnit=RP&AddedPrice=100.00&AddedPriceUnit=RP&MerchantFee=0.00&JatisFee=0.00&BillerFee=0.00&MerchantFeeUnit=RP&JatisFeeUnit=RP&BillerFeeUnit=RP&Status=0&Type=update
2017-12-04 14:20:13        Request : BillerProductCode=MAXIS100&BillerProductName=AXIS+100+ribu&BillerProductPrice=101500&InquiryEnabled=1&VendorBillerId=&BillerId=8&BillId=&Type=insert
2017-12-04 14:21:05        Request : BillerProductCode=MAXIS100&BillerProductName=AXIS+100+ribu&BillerProductPrice=101500.00&InquiryEnabled=0&VendorBillerId=0&BillerId=8&BillId=0&Type=update
2017-12-04 14:47:19        Request : JatisProductCode=ISAT100&JatisProductName=Indosat+100.000&Type=insert
2017-12-04 14:49:00        Request : JatisProductCode=ISAT100&JatisProductName=Indosat+100.000&Type=insert
2017-12-04 14:53:15        Request : JatisProductCode=100&JatisProductName=Indosat+100.000&Type=update
2017-12-04 14:54:05        Request : JatisProductCode=ISAT100&JatisProductName=Indosat+100.000&Type=update
2017-12-04 14:58:30        Request : BillId=1&InquiryDetailResult=0&PurchaseDetailResult=0&PaymentDetailResult=0&MerchantId=136&JatisProductCode=PUAXP100&BillerProductCode=MAXIS100&BillerId=8&AdminFee=50&AdminFeeUnit=RP&AddedPrice=100&AddedPriceUnit=RP&MerchantFee=0&JatisFee=0&BillerFee=0&MerchantFeeUnit=RP&JatisFeeUnit=RP&BillerFeeUnit=RP&Status=0&Type=insert
2017-12-04 14:59:26        Request : BillId=1&InquiryDetailResult=0&PurchaseDetailResult=0&PaymentDetailResult=0&MerchantId=136&JatisProductCode=PUAXP100&BillerProductCode=MAXIS100&BillerId=8&AdminFee=50.00&AdminFeeUnit=RP&AddedPrice=100.00&AddedPriceUnit=RP&MerchantFee=0.00&JatisFee=0.00&BillerFee=0.00&MerchantFeeUnit=RP&JatisFeeUnit=RP&BillerFeeUnit=RP&Status=1&Type=update
2017-12-04 15:00:46        Request : BillId=1&InquiryDetailResult=0&PurchaseDetailResult=0&PaymentDetailResult=0&MerchantId=136&JatisProductCode=PUAXP100&BillerProductCode=MAXIS100&BillerId=8&AdminFee=50.00&AdminFeeUnit=RP&AddedPrice=100.00&AddedPriceUnit=RP&MerchantFee=0.00&JatisFee=0.00&BillerFee=0.00&MerchantFeeUnit=RP&JatisFeeUnit=RP&BillerFeeUnit=RP&Status=1&Type=update
2017-12-04 15:01:09        Request : BillId=1&InquiryDetailResult=0&PurchaseDetailResult=0&PaymentDetailResult=0&MerchantId=136&JatisProductCode=PUAXP100&BillerProductCode=MAXIS100&BillerId=8&AdminFee=50.00&AdminFeeUnit=RP&AddedPrice=100.00&AddedPriceUnit=RP&MerchantFee=0.00&JatisFee=0.00&BillerFee=0.00&MerchantFeeUnit=RP&JatisFeeUnit=RP&BillerFeeUnit=RP&Status=0&Type=update
2017-12-04 15:04:04        Request : BillId=1&InquiryDetailResult=0&PurchaseDetailResult=0&PaymentDetailResult=0&MerchantId=136&JatisProductCode=PUAXP100&BillerProductCode=MAXIS100&BillerId=8&AdminFee=50&AdminFeeUnit=RP&AddedPrice=100&AddedPriceUnit=RP&MerchantFee=0&JatisFee=0&BillerFee=0&MerchantFeeUnit=RP&JatisFeeUnit=RP&BillerFeeUnit=RP&Status=0&Type=insert
2017-12-04 16:21:34        Request : MerchantId=137&SharedKey=123467&ClientId=550&ServicetypeId=2&ARMId=1&MerchantPaymentTypeId=1&Type=insert
2017-12-04 16:22:44        Request : MerchantId=137&SharedKey=123467&ClientId=550&ServicetypeId=2&ARMId=1&MerchantPaymentTypeId=1&Type=update
2017-12-04 16:24:01        Request : MerchantId=137&SharedKey=123467&ClientId=550&ServicetypeId=2&ARMId=1&MerchantPaymentTypeId=1&Type=update
2017-12-04 16:24:32        Request : MerchantId=137&SharedKey=123468&ClientId=550&ServicetypeId=2&ARMId=1&MerchantPaymentTypeId=1&Type=update
2017-12-04 16:50:36        Request : JatisProductCode=TSEL200&JatisProductName=Telkomsel+200.000&Type=insert
2017-12-04 16:51:40        Request : JatisProductCode=TSEL200&JatisProductName=Telkomsel+200+ribu&Type=update
2017-12-04 16:56:11        Request : BillerProductCode=BTSEL200&BillerProductName=Telkomsel+200.000&BillerProductPrice=202500&InquiryEnabled=0&VendorBillerId=0&BillerId=8&BillId=0&Type=insert
2017-12-04 16:56:48        Request : BillerProductCode=BTSEL200&BillerProductName=Telkomsel+200+ribu&BillerProductPrice=202500.00&InquiryEnabled=0&VendorBillerId=0&BillerId=8&BillId=0&Type=update
2017-12-04 16:58:59        Request : BillerId=425&RequestType=1&BillerStatusCode=8007&BillerStatusDesc=Connection+Problem&JatisStatusCode=3007&JatisStatusdesc=Connection+Problem&Type=insert
2017-12-04 16:59:30        Request : BillerId=425&RequestType=3&BillerStatusCode=8007&BillerStatusDesc=Connection+Problem&JatisStatusCode=3007&JatisStatusdesc=Connection+Problem&Type=update
2017-12-04 17:00:23        Request : BillId=1&InquiryDetailResult=0&PurchaseDetailResult=0&PaymentDetailResult=0&MerchantId=136&JatisProductCode=PUAXP20&BillerProductCode=MAXIS20&BillerId=8&AdminFee=50.00&AdminFeeUnit=RP&AddedPrice=100.00&AddedPriceUnit=RP&MerchantFee=0.00&JatisFee=0.00&BillerFee=0.00&MerchantFeeUnit=RP&JatisFeeUnit=RP&BillerFeeUnit=RP&Status=0&Type=update
2017-12-04 17:00:51        Request : BillId=1&InquiryDetailResult=0&PurchaseDetailResult=0&PaymentDetailResult=0&MerchantId=136&JatisProductCode=PUAXP20&BillerProductCode=MAXIS20&BillerId=8&AdminFee=50.00&AdminFeeUnit=RP&AddedPrice=100.00&AddedPriceUnit=RP&MerchantFee=0.00&JatisFee=0.00&BillerFee=0.00&MerchantFeeUnit=RP&JatisFeeUnit=RP&BillerFeeUnit=RP&Status=0&Type=update
2018-08-08 15:56:17        Request : merchantid=33&checksumhash=b7886f843c1b13daca915c9ab0387a36d895cf9f&amount=1&createdby=sadmin&notes=test
2018-08-14 11:57:08        Request : inquiry_detail_result=0&purchase_detail_result=0&merchant_id=33&jatis_product_code=CP250&biller_product_code=02.01.0001&biller_id=1&admin_fee=0&admin_fee_unit=RP&added_price=0&added_price_unit=RP&merchant_fee=0&jatis_fee=0&biller_fee=0&merchant_fee_unit=RP&jatis_fee_unit=RP&biller_fee_unit=RP&status=1&Type=insert
2018-08-14 11:57:10        Request : inquiry_detail_result=0&purchase_detail_result=0&merchant_id=33&jatis_product_code=PP250&biller_product_code=00&biller_id=2&admin_fee=0&admin_fee_unit=RP&added_price=0&added_price_unit=RP&merchant_fee=0&jatis_fee=0&biller_fee=0&merchant_fee_unit=RP&jatis_fee_unit=RP&biller_fee_unit=RP&status=1&Type=insert
2018-08-14 12:15:00        Request : merchantid=25&checksumhash=6e04dd90ffcbc6f371b46911c20f0b5781dbfd07&amount=1&createdby=sadmin&notes=test+
